2024-11-29 19:34:27,203 - WARNING - PyNaCl is not installed, voice will NOT be supported
2024-11-29 19:34:27,204 - INFO - logging in using static token
2024-11-29 19:34:27,659 - INFO - Shard ID None has connected to Gateway (Session ID: 2d4b82135131e1312f7e8e4f541abaa8).
2024-11-29 19:35:00,847 - ERROR - Ignoring exception in command None
discord.ext.commands.errors.CommandNotFound: Command "start_odds" is not found
2024-11-29 23:19:46,098 - INFO - Shard ID None has successfully RESUMED session 2d4b82135131e1312f7e8e4f541abaa8.
2024-11-30 00:51:32,299 - INFO - Shard ID None has successfully RESUMED session 2d4b82135131e1312f7e8e4f541abaa8.
2024-11-30 01:18:30,098 - ERROR - Ignoring exception in command None
discord.ext.commands.errors.CommandNotFound: Command "start_odds" is not found
2024-11-30 02:04:51,257 - ERROR - Attempting a reconnect in 0.23s
Traceback (most recent call last):
  File "C:\Users\nmfis\Desktop\donttouch\herewegoagain\venv\lib\site-packages\discord\client.py", line 667, in connect
    await self.ws.poll_event()
  File "C:\Users\nmfis\Desktop\donttouch\herewegoagain\venv\lib\site-packages\discord\gateway.py", line 648, in poll_event
    raise ConnectionClosed(self.socket, shard_id=self.shard_id, code=code) from None
discord.errors.ConnectionClosed: Shard ID None WebSocket closed with 1000
2024-11-30 02:04:51,695 - INFO - Shard ID None has successfully RESUMED session 2d4b82135131e1312f7e8e4f541abaa8.
2024-11-30 03:04:19,804 - INFO - Shard ID None has successfully RESUMED session 2d4b82135131e1312f7e8e4f541abaa8.
2024-11-30 05:51:29,862 - INFO - Shard ID None has successfully RESUMED session 2d4b82135131e1312f7e8e4f541abaa8.
2024-11-30 06:22:06,525 - INFO - Shard ID None has successfully RESUMED session 2d4b82135131e1312f7e8e4f541abaa8.
2024-11-30 09:39:48,813 - WARNING - PyNaCl is not installed, voice will NOT be supported
2024-11-30 09:39:48,814 - INFO - logging in using static token
2024-11-30 09:41:40,073 - WARNING - PyNaCl is not installed, voice will NOT be supported
2024-11-30 09:41:40,074 - INFO - logging in using static token
2024-11-30 09:41:40,592 - INFO - Shard ID None has connected to Gateway (Session ID: 7a10902dad713eb8609442b050da2466).
2024-11-30 09:43:35,356 - WARNING - PyNaCl is not installed, voice will NOT be supported
2024-11-30 09:43:35,356 - INFO - logging in using static token
2024-11-30 09:43:35,977 - INFO - Shard ID None has connected to Gateway (Session ID: 6e06dd0c392eb68499026a9cfce6f153).
2024-11-30 09:43:38,030 - INFO - Bot is ready! Logged in as tweeter
2024-11-30 09:43:42,097 - INFO - Processing tweet: Notification 1312301788329676811
2024-11-30 09:43:43,824 - INFO - Tweet processed successfully: 1312301788329676811 - Notification 1312301788329676811
2024-11-30 09:45:12,267 - WARNING - PyNaCl is not installed, voice will NOT be supported
2024-11-30 09:45:12,267 - INFO - logging in using static token
2024-11-30 09:45:12,792 - INFO - Shard ID None has connected to Gateway (Session ID: fe07f4385f2534b7aa42194ef9a25f4a).
2024-11-30 09:45:14,837 - INFO - Bot is ready! Logged in as tweeter
2024-11-30 09:45:21,702 - INFO - Processing tweet: 
2024-11-30 09:45:23,620 - INFO - Tweet processed successfully: 1312301791681052692 - Notification 1312301791681052692
2024-11-30 09:47:44,778 - WARNING - PyNaCl is not installed, voice will NOT be supported
2024-11-30 09:47:44,779 - INFO - logging in using static token
2024-11-30 09:47:45,603 - INFO - Shard ID None has connected to Gateway (Session ID: 7b738f0194b8a909969c09ba7521c726).
2024-11-30 09:47:47,649 - INFO - Bot is ready! Logged in as tweeter
2024-11-30 09:47:49,655 - INFO - Thread title: Notification 1312301783892099092
2024-11-30 09:47:49,655 - INFO - Initial message content: 
2024-11-30 09:47:49,655 - INFO - Initial message author: MaybeEV#1638
2024-11-30 09:47:49,655 - INFO - Initial message created at: 2024-11-30 06:18:46.869000+00:00
2024-11-30 09:47:49,655 - INFO - Created job with initial message: Notification 1312301783892099092
2024-11-30 09:47:49,655 - INFO - Processing tweet: 
2024-11-30 09:47:51,630 - INFO - Tweet processed successfully: 1312301783892099092 - Notification 1312301783892099092
2024-11-30 10:53:05,643 - INFO - Shard ID None has successfully RESUMED session 7b738f0194b8a909969c09ba7521c726.
2024-11-30 12:31:34,469 - ERROR - Ignoring exception in command None
discord.ext.commands.errors.CommandNotFound: Command "start_odds" is not found
2024-11-30 12:35:22,471 - ERROR - Ignoring exception in command None
discord.ext.commands.errors.CommandNotFound: Command "find_nfl" is not found
2024-11-30 12:55:01,533 - INFO - Shard ID None has successfully RESUMED session 7b738f0194b8a909969c09ba7521c726.
2024-11-30 13:14:54,318 - ERROR - Ignoring exception in command None
discord.ext.commands.errors.CommandNotFound: Command "find_nfl" is not found
2024-11-30 13:15:02,148 - ERROR - Ignoring exception in command None
discord.ext.commands.errors.CommandNotFound: Command "find_nfl" is not found
2024-11-30 13:48:30,814 - WARNING - PyNaCl is not installed, voice will NOT be supported
2024-11-30 13:48:30,815 - INFO - logging in using static token
2024-11-30 13:48:31,255 - INFO - Shard ID None has connected to Gateway (Session ID: 1f8b3b0fc88cee29b529b87a4570a031).
2024-11-30 13:48:33,347 - INFO - Bot is ready! Logged in as tweeter
2024-11-30 13:48:42,328 - INFO - Number of messages in thread: 3
2024-11-30 13:48:42,328 - INFO - Message 1:
2024-11-30 13:48:42,328 - INFO -   Content: 
2024-11-30 13:48:42,328 - INFO -   Author: MaybeEV#1638
2024-11-30 13:48:42,328 - INFO -   Created at: 2024-11-30 18:15:03.405000+00:00
2024-11-30 13:48:42,328 - INFO - Message 2:
2024-11-30 13:48:42,329 - INFO -   Content: Detailed Calculation Steps:
1. Sharp Prices:
   Yes prices:
     fliff: 115.0 (2.1500)
     pinnacle: 136.0 (2.3600)
   Final Sharp Yes: 126.0 (2.2550)
   No prices:
     fliff: -175.0 (1.5714)
     pinnacle: -170.0 (1.5882)
   Final Sharp No: -172.0 (1.5798)
2. Power Devig: Yes: 2.4909, No: 1.6707
3. Mult Devig: Yes: 2.4274, No: 1.7006
4. Ground Truth:
   Yes: 2.4909 (149.0)
   No: 1.7006 (-143.0)
5. Base price (espnbet): 165 (2.6500)
6. Implied probabilities:
   Ground Truth: 0.4015
   Base: 0.3774
7. Edge: 6.00%
8. EV Difference: 2.5600
2024-11-30 13:48:42,329 - INFO -   Author: MaybeEV#1638
2024-11-30 13:48:42,329 - INFO -   Created at: 2024-11-30 18:15:03.577000+00:00
2024-11-30 13:48:42,329 - INFO - Message 3:
2024-11-30 13:48:42,329 - INFO -   Content: 
2024-11-30 13:48:42,329 - INFO -   Author: MaybeEV#1638
2024-11-30 13:48:42,329 - INFO -   Created at: 2024-11-30 18:15:03.916000+00:00
2024-11-30 13:48:42,329 - INFO - Created job with initial message: Detailed Calculation Steps:
1. Sharp Prices:
   Yes prices:
     fliff: 115.0 (2.1500)
     pinnacle: 136.0 (2.3600)
   Final Sharp Yes: 126.0 (2.2550)
   No prices:
     fliff: -175.0 (1.5714)
     pinnacle: -170.0 (1.5882)
   Final Sharp No: -172.0 (1.5798)
2. Power Devig: Yes: 2.4909, No: 1.6707
3. Mult Devig: Yes: 2.4274, No: 1.7006
4. Ground Truth:
   Yes: 2.4909 (149.0)
   No: 1.7006 (-143.0)
5. Base price (espnbet): 165 (2.6500)
6. Implied probabilities:
   Ground Truth: 0.4015
   Base: 0.3774
7. Edge: 6.00%
8. EV Difference: 2.5600
2024-11-30 13:48:42,329 - INFO - Processing tweet: Detailed Calculation Steps:
1. Sharp Prices:
   Yes prices:
     fliff: 115.0 (2.1500)
     pinnacle: 136.0 (2.3600)
   Final Sharp Yes: 126.0 (2.2550)
   No prices:
     fliff: -175.0 (1.5714)
     pinnacle: -170.0 (1.5882)
   Final Sharp No: -172.0 (1.5798)
2. Power Devig: Yes: 2.4909, No: 1.6707
3. Mult Devig: Yes: 2.4274, No: 1.7006
4. Ground Truth:
   Yes: 2.4909 (149.0)
   No: 1.7006 (-143.0)
5. Base price (espnbet): 165 (2.6500)
6. Implied probabilities:
   Ground Truth: 0.4015
   Base: 0.3774
7. Edge: 6.00%
8. EV Difference: 2.5600
2024-11-30 13:48:44,017 - INFO - Tweet processed successfully: 1312482040008020068 - Notification 1312482040008020068
